Performing C++ SOURCE FILE Test CMAKE_HAVE_LIBC_PTHREAD failed with the following output:
Change Dir: /home/julesimf/source/MIPT/formallangs/grammars/build/CMakeFiles/CMakeTmp

Run Build Command(s):/usr/bin/ninja cmTC_7f51b && [1/2] Building CXX object CMakeFiles/cmTC_7f51b.dir/src.cxx.o
[2/2] Linking CXX executable cmTC_7f51b
FAILED: cmTC_7f51b 
: && /usr/bin/clang++  -O0  -g -fprofile-instr-generate -fcoverage-mapping -DCMAKE_HAVE_LIBC_PTHREAD   CMakeFiles/cmTC_7f51b.dir/src.cxx.o  -o cmTC_7f51b   && :
/usr/bin/ld: CMakeFiles/cmTC_7f51b.dir/src.cxx.o: in function `main':
/home/julesimf/source/MIPT/formallangs/grammars/build/CMakeFiles/CMakeTmp/src.cxx:11: undefined reference to `pthread_create'
/usr/bin/ld: /home/julesimf/source/MIPT/formallangs/grammars/build/CMakeFiles/CMakeTmp/src.cxx:12: undefined reference to `pthread_detach'
/usr/bin/ld: /home/julesimf/source/MIPT/formallangs/grammars/build/CMakeFiles/CMakeTmp/src.cxx:13: undefined reference to `pthread_join'
clang: error: linker command failed with exit code 1 (use -v to see invocation)
ninja: build stopped: subcommand failed.


Source file was:
#include <pthread.h>

void* test_func(void* data)
{
  return data;
}

int main(void)
{
  pthread_t thread;
  pthread_create(&thread, NULL, test_func, NULL);
  pthread_detach(thread);
  pthread_join(thread, NULL);
  pthread_atfork(NULL, NULL, NULL);
  pthread_exit(NULL);

  return 0;
}

Determining if the function pthread_create exists in the pthreads failed with the following output:
Change Dir: /home/julesimf/source/MIPT/formallangs/grammars/build/CMakeFiles/CMakeTmp

Run Build Command(s):/usr/bin/ninja cmTC_097f6 && [1/2] Building CXX object CMakeFiles/cmTC_097f6.dir/CheckFunctionExists.cxx.o
[2/2] Linking CXX executable cmTC_097f6
FAILED: cmTC_097f6 
: && /usr/bin/clang++  -O0  -g -fprofile-instr-generate -fcoverage-mapping -DCHECK_FUNCTION_EXISTS=pthread_create   CMakeFiles/cmTC_097f6.dir/CheckFunctionExists.cxx.o  -o cmTC_097f6  -lpthreads && :
/usr/bin/ld: cannot find -lpthreads
clang: error: linker command failed with exit code 1 (use -v to see invocation)
ninja: build stopped: subcommand failed.



