Performing C++ SOURCE FILE Test CMAKE_HAVE_LIBC_PTHREAD failed with the following output:
Change Dir: /home/julesimf/source/MIPT/formallangs/practask/build/CMakeFiles/CMakeTmp

Run Build Command(s):/usr/bin/ninja cmTC_be2be && [1/2] Building CXX object CMakeFiles/cmTC_be2be.dir/src.cxx.o
[2/2] Linking CXX executable cmTC_be2be
FAILED: cmTC_be2be 
: && /bin/clang++-12  -O0    -g -fprofile-instr-generate -fcoverage-mapping -DCMAKE_HAVE_LIBC_PTHREAD   CMakeFiles/cmTC_be2be.dir/src.cxx.o  -o cmTC_be2be   && :
/bin/ld: CMakeFiles/cmTC_be2be.dir/src.cxx.o: in function `main':
/home/julesimf/source/MIPT/formallangs/practask/build/CMakeFiles/CMakeTmp/src.cxx:11: undefined reference to `pthread_create'
/bin/ld: /home/julesimf/source/MIPT/formallangs/practask/build/CMakeFiles/CMakeTmp/src.cxx:12: undefined reference to `pthread_detach'
/bin/ld: /home/julesimf/source/MIPT/formallangs/practask/build/CMakeFiles/CMakeTmp/src.cxx:13: undefined reference to `pthread_join'
clang: error: linker command failed with exit code 1 (use -v to see invocation)
ninja: build stopped: subcommand failed.


Source file was:
#include <pthread.h>

void* test_func(void* data)
{
  return data;
}

int main(void)
{
  pthread_t thread;
  pthread_create(&thread, NULL, test_func, NULL);
  pthread_detach(thread);
  pthread_join(thread, NULL);
  pthread_atfork(NULL, NULL, NULL);
  pthread_exit(NULL);

  return 0;
}

Determining if the function pthread_create exists in the pthreads failed with the following output:
Change Dir: /home/julesimf/source/MIPT/formallangs/practask/build/CMakeFiles/CMakeTmp

Run Build Command(s):/usr/bin/ninja cmTC_dedec && [1/2] Building CXX object CMakeFiles/cmTC_dedec.dir/CheckFunctionExists.cxx.o
[2/2] Linking CXX executable cmTC_dedec
FAILED: cmTC_dedec 
: && /bin/clang++-12  -O0    -g -fprofile-instr-generate -fcoverage-mapping -DCHECK_FUNCTION_EXISTS=pthread_create   CMakeFiles/cmTC_dedec.dir/CheckFunctionExists.cxx.o  -o cmTC_dedec  -lpthreads && :
/bin/ld: cannot find -lpthreads
clang: error: linker command failed with exit code 1 (use -v to see invocation)
ninja: build stopped: subcommand failed.



